Determining if the pthread_create exist failed with the following output:
Change Dir: /home/pi/catkin_ws/build/CMakeFiles/CMakeTmp

Run Build Command:"/usr/bin/make" "cmTC_7dbd1/fast"
/usr/bin/make -f CMakeFiles/cmTC_7dbd1.dir/build.make CMakeFiles/cmTC_7dbd1.dir/build
make[1]: ディレクトリ '/home/pi/catkin_ws/build/CMakeFiles/CMakeTmp' に入ります
Building C object CMakeFiles/cmTC_7dbd1.dir/CheckSymbolExists.c.o
/usr/bin/cc    -o CMakeFiles/cmTC_7dbd1.dir/CheckSymbolExists.c.o   -c /home/pi/catkin_ws/build/CMakeFiles/CMakeTmp/CheckSymbolExists.c
Linking C executable cmTC_7dbd1
/usr/bin/cmake -E cmake_link_script CMakeFiles/cmTC_7dbd1.dir/link.txt --verbose=1
/usr/bin/cc      -rdynamic CMakeFiles/cmTC_7dbd1.dir/CheckSymbolExists.c.o  -o cmTC_7dbd1 
/usr/bin/ld: CMakeFiles/cmTC_7dbd1.dir/CheckSymbolExists.c.o: in function `main':
CheckSymbolExists.c:(.text+0x38): undefined reference to `pthread_create'
collect2: error: ld returned 1 exit status
make[1]: *** [CMakeFiles/cmTC_7dbd1.dir/build.make:87: cmTC_7dbd1] エラー 1
make[1]: ディレクトリ '/home/pi/catkin_ws/build/CMakeFiles/CMakeTmp' から出ます
make: *** [Makefile:121: cmTC_7dbd1/fast] エラー 2

File /home/pi/catkin_ws/build/CMakeFiles/CMakeTmp/CheckSymbolExists.c:
/* */
#include <pthread.h>

int main(int argc, char** argv)
{
  (void)argv;
#ifndef pthread_create
  return ((int*)(&pthread_create))[argc];
#else
  (void)argc;
  return 0;
#endif
}

Determining if the function pthread_create exists in the pthreads failed with the following output:
Change Dir: /home/pi/catkin_ws/build/CMakeFiles/CMakeTmp

Run Build Command:"/usr/bin/make" "cmTC_dfb68/fast"
/usr/bin/make -f CMakeFiles/cmTC_dfb68.dir/build.make CMakeFiles/cmTC_dfb68.dir/build
make[1]: ディレクトリ '/home/pi/catkin_ws/build/CMakeFiles/CMakeTmp' に入ります
Building C object CMakeFiles/cmTC_dfb68.dir/CheckFunctionExists.c.o
/usr/bin/cc   -DCHECK_FUNCTION_EXISTS=pthread_create   -o CMakeFiles/cmTC_dfb68.dir/CheckFunctionExists.c.o   -c /usr/share/cmake-3.13/Modules/CheckFunctionExists.c
Linking C executable cmTC_dfb68
/usr/bin/cmake -E cmake_link_script CMakeFiles/cmTC_dfb68.dir/link.txt --verbose=1
/usr/bin/cc  -DCHECK_FUNCTION_EXISTS=pthread_create    -rdynamic CMakeFiles/cmTC_dfb68.dir/CheckFunctionExists.c.o  -o cmTC_dfb68 -lpthreads 
/usr/bin/ld: -lpthreads が見つかりません
collect2: error: ld returned 1 exit status
make[1]: *** [CMakeFiles/cmTC_dfb68.dir/build.make:87: cmTC_dfb68] エラー 1
make[1]: ディレクトリ '/home/pi/catkin_ws/build/CMakeFiles/CMakeTmp' から出ます
make: *** [Makefile:121: cmTC_dfb68/fast] エラー 2


